<?xml version="1.0" encoding="UTF-8"?>
<!-- Generated by org.testng.reporters.JUnitXMLReporter -->
<testsuite hostname="DESKTOP-OFOTO14" failures="0" tests="4" name="Surefire test" time="0.107" errors="0" timestamp="27 Nov 2023 01:51:11 GMT">
  <testcase classname="org.test.insureme.AppTest" name="testMethodThree on testMethodThree(org.test.insureme.AppTest)" time="0.01"/>
  <testcase classname="org.test.insureme.AppTest" name="shouldAnswerWithTrue on shouldAnswerWithTrue(org.test.insureme.AppTest)" time="0.002"/>
  <testcase classname="org.test.insureme.AppTest" name="testMethodOne on testMethodOne(org.test.insureme.AppTest)" time="0.001"/>
  <testcase classname="org.test.insureme.AppTest" name="testMethodTwo on testMethodTwo(org.test.insureme.AppTest)" time="0.001"/>
</testsuite> <!-- Surefire test -->
