<?xml version="1.0" encoding="UTF-8"?>
<testng-results total="4" passed="4" failed="0" skipped="0">
  <reporter-output>
  </reporter-output>
  <suite started-at="2023-11-27T01:51:11Z" name="Surefire suite" finished-at="2023-11-27T01:51:11Z" duration-ms="107">
    <groups>
    </groups>
    <test started-at="2023-11-27T01:51:11Z" name="Surefire test" finished-at="2023-11-27T01:51:11Z" duration-ms="107">
      <class name="org.test.insureme.AppTest">
        <test-method signature="testMethodThree()[pri:0, instance:testMethodThree(org.test.insureme.AppTest)]" started-at="2023-11-27T07:21:11Z" name="testMethodThree" finished-at="2023-11-27T07:21:11Z" duration-ms="10" status="PASS">
          <reporter-output>
          </reporter-output>
        </test-method> <!-- testMethodThree -->
        <test-method signature="shouldAnswerWithTrue()[pri:0, instance:shouldAnswerWithTrue(org.test.insureme.AppTest)]" started-at="2023-11-27T07:21:11Z" name="shouldAnswerWithTrue" finished-at="2023-11-27T07:21:11Z" duration-ms="2" status="PASS">
          <reporter-output>
          </reporter-output>
        </test-method> <!-- shouldAnswerWithTrue -->
        <test-method signature="testMethodOne()[pri:0, instance:testMethodOne(org.test.insureme.AppTest)]" started-at="2023-11-27T07:21:11Z" name="testMethodOne" finished-at="2023-11-27T07:21:11Z" duration-ms="1" status="PASS">
          <reporter-output>
          </reporter-output>
        </test-method> <!-- testMethodOne -->
        <test-method signature="testMethodTwo()[pri:0, instance:testMethodTwo(org.test.insureme.AppTest)]" started-at="2023-11-27T07:21:11Z" name="testMethodTwo" finished-at="2023-11-27T07:21:11Z" duration-ms="1" status="PASS">
          <reporter-output>
          </reporter-output>
        </test-method> <!-- testMethodTwo -->
      </class> <!-- org.test.insureme.AppTest -->
    </test> <!-- Surefire test -->
  </suite> <!-- Surefire suite -->
</testng-results>
